
ROM used: 1084 (13%)
          1084 (13%) including unused fragments

          2 Average locations per line
          9 Average locations per statement

RAM used: 56 (15%) at main() level
          71 (19%) worst case

Stack used: 3 worst case (out of 8 total available)

Lines Stmts  %   Files
----- ----- ---  -----
  206   127 100  7_SEG.c
  262     0   0  16F876.h
----- -----
  468   127 Total

Page ROM  %  RAM   Vol Diff  Functions:
---- --- --- ---   --- ----  ----------
0     20   2   1             @delay_us1
0    284  26   1  1375  5.9  trata_t0
0     12   1   0             @goto10059
0    655  60   4  3073  8.4  MAIN
0     66   6  13             @DIV3232

Program metrics:
    Functions               2
    Statements              127
    Comments                78
    Volume (V)              5027
    Difficilty (D)          14.1
    Effort to implement (E) 70868
    Time to implement (T)   1 hours, 6 minutes
    Est Delivered Bugs (B)  1
    Cyclomatic Complexity   27
    Maintainability (MI)    48

 Segment     Used  Free
-----------  ----  ----
00000-00003     4  0  
00004-0002E    43  0  
0002F-007FF  1037  964  
00800-00FFF     0  2048  
01000-017FF     0  2048  
01800-01FFF     0  2048  



