
ROM used: 609 (7%)
          609 (7%) including unused fragments

          1 Average locations per line
          6 Average locations per statement

RAM used: 21 (6%) at main() level
          21 (6%) worst case

Stack used: 1 worst case (out of 8 total available)

Lines Stmts  %   Files
----- ----- ---  -----
  161    99 100  Source.c
  313     0   0  D:\Arquivos de programas\PICC\devices\16F877A.h
----- -----
  474    99 Total

Page ROM  %  RAM   Vol Diff  Functions:
---- --- --- ---   --- ----  ----------
0     87  14   0   508  3.8  varre_display
0    518  85   1  3140  7.9  MAIN

Program metrics:
    Functions               2
    Statements              99
    Comments                104
    Volume (V)              3990
    Difficilty (D)          11.8
    Effort to implement (E) 47022
    Time to implement (T)   44 minutes
    Est Delivered Bugs (B)  0
    Cyclomatic Complexity   11
    Maintainability (MI)    18

 Segment     Used  Free
-----------  ----  ----
00000-00003     4  0  
00004-007FF   605  1439  
00800-00FFF     0  2048  
01000-017FF     0  2048  
01800-01FFF     0  2048  



